<?xml version="1.0" encoding="UTF-8"?>
<!-- Generated by org.testng.reporters.JUnitReportReporter -->
<testsuite hostname="DESKTOP-06JCFVE" failures="0" tests="1" name="testngpack.Demo" time="0.117" errors="0" timestamp="2022-06-03T09:59:35 IST" skipped="0">
  <testcase classname="testngpack.Demo" name="method1" time="0.117"/>
  <system-out>
    <![CDATA[method1 excecuted]]>
  </system-out>
</testsuite> <!-- testngpack.Demo -->
