<?xml version="1.0" encoding="UTF-8"?>
<!-- Generated by org.testng.reporters.JUnitReportReporter -->
<testsuite hostname="DESKTOP-06JCFVE" failures="0" tests="1" name="testngpack.Demo1" time="0.022" errors="0" timestamp="2022-06-01T18:39:41 IST" skipped="0">
  <testcase classname="testngpack.Demo1" name="a" time="0.022"/>
  <system-out>
    <![CDATA[demo1 class method]]>
  </system-out>
</testsuite> <!-- testngpack.Demo1 -->
