<?xml version="1.0" encoding="UTF-8"?>
<!-- Generated by org.testng.reporters.JUnitReportReporter -->
<testsuite hostname="DESKTOP-06JCFVE" failures="0" tests="1" name="testngpack.Sumo" time="0.087" errors="0" timestamp="2022-06-01T18:39:41 IST" skipped="0">
  <testcase classname="testngpack.Sumo" name="c" time="0.087"/>
  <system-out>
    <![CDATA[Sumo class method]]>
  </system-out>
</testsuite> <!-- testngpack.Sumo -->
